2018-11-01T19:34:20+00:00 DEBUG (7): Start Fcm Trigger
2018-11-01T19:34:20+00:00 DEBUG (7): Process Fcm ID:ea28a-j2r4E:APA91bE-riYLESeWnHAOXi1r70m1-2mYJFrDhiPT4pW1lWXAtwEjIDqc0OsngNvNIUSoWiIluHcKahfDe1JLKAlLhB2NDD0HAtIeXsY7WEseblRNCX7ZFa_Tn22zjkhEh6F0P4xUSpnR,,eL25ifr2iR4:APA91bEyECbfpshMP_UqMf8oLP_n8wDOF4haWf-inB22f-6qO9rvfldRDDXUtYndavviunUXQO65Mfi08AwBQwhU1dwe_HQ5iiQiBYcnsv9vwlF-BhjD9kYRN7LVkMmceFJuECd5dEFq
2018-11-01T19:34:20+00:00 DEBUG (7): Process Status:pending
2018-11-01T19:34:20+00:00 DEBUG (7): Process Message:Dear Kumaran E, Thanks for your Order. Your Order AX100000008 is submitted with AgentX team. 
                We will get back to you shortly.
2018-11-01T19:34:20+00:00 DEBUG (7): End Fcm Trigger
2018-11-01T19:38:04+00:00 DEBUG (7): Start Fcm Trigger
2018-11-01T19:38:04+00:00 DEBUG (7): Process Fcm ID:eL25ifr2iR4:APA91bEyECbfpshMP_UqMf8oLP_n8wDOF4haWf-inB22f-6qO9rvfldRDDXUtYndavviunUXQO65Mfi08AwBQwhU1dwe_HQ5iiQiBYcnsv9vwlF-BhjD9kYRN7LVkMmceFJuECd5dEFq
2018-11-01T19:38:04+00:00 DEBUG (7): Process Status:pending
2018-11-01T19:38:04+00:00 DEBUG (7): Process Message:Dear RajaSundaram V, Thanks for your Order. Your Order AX100000009 is submitted with AgentX team. 
                We will get back to you shortly.
2018-11-01T19:38:05+00:00 DEBUG (7): End Fcm Trigger
2018-11-01T19:51:16+00:00 DEBUG (7): Start Fcm Trigger
2018-11-01T19:51:16+00:00 DEBUG (7): Process Fcm ID:eL25ifr2iR4:APA91bEyECbfpshMP_UqMf8oLP_n8wDOF4haWf-inB22f-6qO9rvfldRDDXUtYndavviunUXQO65Mfi08AwBQwhU1dwe_HQ5iiQiBYcnsv9vwlF-BhjD9kYRN7LVkMmceFJuECd5dEFq
2018-11-01T19:51:16+00:00 DEBUG (7): Process Status:pending
2018-11-01T19:51:16+00:00 DEBUG (7): Process Message:Dear RajaSundaram V, Thanks for your Order. Your Order AX100000010 is submitted with AgentX team. 
                We will get back to you shortly.
2018-11-01T19:51:16+00:00 DEBUG (7): End Fcm Trigger
2018-11-02T09:20:46+00:00 DEBUG (7): Start Fcm Trigger
2018-11-02T09:20:46+00:00 DEBUG (7): Process Fcm ID:dcboV_eLEIs:APA91bGPj9fkw2UPHYgpfKMJfHUX6CXxKP6b035wettW66-OuE_2zvqIj5paIOUfLxzWsS9exdCvSxxxXAklPsYlfgT53NzMU568BjhWnutAwp_ximWtJj-BrTGN5hbgG2pNKbHGrXk3
2018-11-02T09:20:46+00:00 DEBUG (7): Process Status:pending
2018-11-02T09:20:46+00:00 DEBUG (7): Process Message:Dear Prabhakaran Maruthamuthu, Thanks for your Order. Your Order AX100000011 is submitted with AgentX team. 
                We will get back to you shortly.
2018-11-02T09:20:46+00:00 DEBUG (7): End Fcm Trigger
2018-11-02T11:44:09+00:00 DEBUG (7): Start Fcm Trigger
2018-11-02T11:44:09+00:00 DEBUG (7): Process Fcm ID:dpObsIO-1bA:APA91bGGnFCfpBY70dWA6mftymzeVN0_ndqPkZDgeKSGynkF1uuIgbgb7haiG3bUH7MRzWz7Y9rcBaHT-Zp5lBVOxBwL5AxVx1Ei1Z75NnKzvGFeFLZfG95g0VKj2zuDvMWX0v_IvX-F
2018-11-02T11:44:09+00:00 DEBUG (7): Process Status:pending
2018-11-02T11:44:09+00:00 DEBUG (7): Process Message:Dear Lokesh R, Thanks for your Order. Your Order AX100000012 is submitted with AgentX team. 
                We will get back to you shortly.
2018-11-02T11:44:10+00:00 DEBUG (7): End Fcm Trigger
